trunk/demos/superjumper/superjumper-android/proguard/seeds.txt
com.aichess.jumpjump.SuperJumperAndroid
...
com.badlogic.gdx.backends.android.surfaceview.GLBaseSurfaceView
com.badlogic.gdx.backends.android.surfaceview.GLBaseSurfaceView: GLBaseSurfaceView(android.content.Context,android.util.AttributeSet)
com.badlogic.gdx.graphics.g2d.BitmapFont$HAlignment: com.badlogic.gdx.graphics.g2d.BitmapFont$HAlignment[] values()
com.badlogic.gdx.graphics.g2d.BitmapFont$HAlignment: com.badlogic.gdx.graphics.g2d.BitmapFont$HAlignment valueOf(java.lang.String)
com.badlogic.gdx.physics.box2d.Shape$Type: com.badlogic.gdx.physics.box2d.Shape$Type[] values()
com.badlogic.gdx.physics.box2d.Shape$Type: com.badlogic.gdx.physics.box2d.Shape$Type valueOf(java.lang.String)
com.google.gson.LongSerializationPolicy: com.google.gson.LongSerializationPolicy[] values()
com.google.gson.LongSerializationPolicy: com.google.gson.LongSerializationPolicy valueOf(java.lang.String)
com.badlogic.gdx.graphics.Texture$TextureFilter: com.badlogic.gdx.graphics.Texture$TextureFilter[] values()
com.badlogic.gdx.graphics.Texture$TextureFilter: com.badlogic.gdx.graphics.Texture$TextureFilter valueOf(java.lang.String)
com.badlogic.gdx.graphics.g3d.Animator$WrapMode: com.badlogic.gdx.graphics.g3d.Animator$WrapMode[] values()
com.badlogic.gdx.graphics.g3d.Animator$WrapMode: com.badlogic.gdx.graphics.g3d.Animator$WrapMode valueOf(java.lang.String)
com.badlogic.gdx.physics.box2d.JointDef$JointType: com.badlogic.gdx.physics.box2d.JointDef$JointType[] values()
com.badlogic.gdx.physics.box2d.JointDef$JointType: com.badlogic.gdx.physics.box2d.JointDef$JointType valueOf(java.lang.String)
com.badlogic.gdx.graphics.Pixmap$Filter: com.badlogic.gdx.graphics.Pixmap$Filter[] values()
com.badlogic.gdx.graphics.Pixmap$Filter: com.badlogic.gdx.graphics.Pixmap$Filter valueOf(java.lang.String)
com.google.gson.stream.JsonToken: com.google.gson.stream.JsonToken[] values()
com.google.gson.stream.JsonToken: com.google.gson.stream.JsonToken valueOf(java.lang.String)
com.badlogic.gdx.graphics.g2d.ParticleEmitter$SpawnShape: com.badlogic.gdx.graphics.g2d.ParticleEmitter$SpawnShape[] values()
com.badlogic.gdx.graphics.g2d.ParticleEmitter$SpawnShape: com.badlogic.gdx.graphics.g2d.ParticleEmitter$SpawnShape valueOf(java.lang.String)
com.badlogic.gdx.graphics.Pixmap$Format: com.badlogic.gdx.graphics.Pixmap$Format[] values()
com.badlogic.gdx.graphics.Pixmap$Format: com.badlogic.gdx.graphics.Pixmap$Format valueOf(java.lang.String)
com.google.gson.ModifyFirstLetterNamingPolicy$LetterModifier: com.google.gson.ModifyFirstLetterNamingPolicy$LetterModifier[] values()
com.google.gson.ModifyFirstLetterNamingPolicy$LetterModifier: com.google.gson.ModifyFirstLetterNamingPolicy$LetterModifier valueOf(java.lang.String)
com.google.gson.FieldNamingPolicy: com.google.gson.FieldNamingPolicy[] values()
com.google.gson.FieldNamingPolicy: com.google.gson.FieldNamingPolicy valueOf(java.lang.String)
com.badlogic.gdx.Graphics$GraphicsType: com.badlogic.gdx.Graphics$GraphicsType[] values()
com.badlogic.gdx.Graphics$GraphicsType: com.badlogic.gdx.Graphics$GraphicsType valueOf(java.lang.String)
com.badlogicgames.superjumper.Settings$ADStatus: com.badlogicgames.superjumper.Settings$ADStatus[] values()
com.badlogicgames.superjumper.Settings$ADStatus: com.badlogicgames.superjumper.Settings$ADStatus valueOf(java.lang.String)
com.badlogic.gdx.graphics.g2d.ParticleEmitter$SpawnEllipseSide: com.badlogic.gdx.graphics.g2d.ParticleEmitter$SpawnEllipseSide[] values()
com.badlogic.gdx.graphics.g2d.ParticleEmitter$SpawnEllipseSide: com.badlogic.gdx.graphics.g2d.ParticleEmitter$SpawnEllipseSide valueOf(java.lang.String)
com.badlogic.gdx.Application$ApplicationType: com.badlogic.gdx.Application$ApplicationType[] values()
com.badlogic.gdx.Application$ApplicationType: com.badlogic.gdx.Application$ApplicationType valueOf(java.lang.String)
com.badlogic.gdx.Files$FileType: com.badlogic.gdx.Files$FileType[] values()
com.badlogic.gdx.Files$FileType: com.badlogic.gdx.Files$FileType valueOf(java.lang.String)