trunk/demos/superjumper/superjumper-android/proguard/mapping.txt
com.aichess.jumpjump.SuperJumperAndroid -> com.aichess.jumpjump.SuperJumperAndroid:
    int settingID -> g
    int bulletinID -> h
    android.view.View bulletinDialogView -> e
    int highestScore -> f
    boolean isNewAd -> i
    void onCreate(android.os.Bundle) -> onCreate
    android.app.Dialog onCreateDialog(int) -> onCreateDialog
    void setUnsubmitedText() -> b
    void bindScoreListView() -> c
    void onBackPressed() -> onBackPressed
    void getWapsPoints() -> d
    void onResume() -> onResume
    void onDestroy() -> onDestroy
    void getUpdatePoints$505cff1c(int) -> a
com.aichess.jumpjump.SuperJumperAndroid$1 -> com.aichess.jumpjump.c:
    com.aichess.jumpjump.SuperJumperAndroid this$0 -> a
    android.widget.ImageView val$settingsView -> b
    void onClick(android.view.View) -> onClick
com.aichess.jumpjump.SuperJumperAndroid$10 -> com.aichess.jumpjump.j:
    com.aichess.jumpjump.SuperJumperAndroid this$0 -> a
    void onClick(android.content.DialogInterface,int) -> onClick
com.aichess.jumpjump.SuperJumperAndroid$2 -> com.aichess.jumpjump.d:
    com.aichess.jumpjump.SuperJumperAndroid this$0 -> a
    android.widget.ImageView val$bulletinView -> b
    void onClick(android.view.View) -> onClick
com.aichess.jumpjump.SuperJumperAndroid$3 -> com.aichess.jumpjump.a:
    com.aichess.jumpjump.SuperJumperAndroid this$0 -> a
    void onStopTrackingTouch(android.widget.SeekBar) -> onStopTrackingTouch
    void onStartTrackingTouch(android.widget.SeekBar) -> onStartTrackingTouch
    void onProgressChanged(android.widget.SeekBar,int,boolean) -> onProgressChanged
com.aichess.jumpjump.SuperJumperAndroid$4 -> com.aichess.jumpjump.b:
    com.aichess.jumpjump.SuperJumperAndroid this$0 -> a
    void onStopTrackingTouch(android.widget.SeekBar) -> onStopTrackingTouch
    void onStartTrackingTouch(android.widget.SeekBar) -> onStartTrackingTouch
    void onProgressChanged(android.widget.SeekBar,int,boolean) -> onProgressChanged
com.aichess.jumpjump.SuperJumperAndroid$5 -> com.aichess.jumpjump.h:
    com.aichess.jumpjump.SuperJumperAndroid this$0 -> a
    void onClick(android.view.View) -> onClick
com.aichess.jumpjump.SuperJumperAndroid$6 -> com.aichess.jumpjump.i:
    com.aichess.jumpjump.SuperJumperAndroid this$0 -> a
    android.widget.EditText val$editText -> b
    android.app.AlertDialog val$dialog -> c
    void onClick(android.view.View) -> onClick
com.aichess.jumpjump.SuperJumperAndroid$7 -> com.aichess.jumpjump.f:
    com.aichess.jumpjump.SuperJumperAndroid this$0 -> a
    android.app.AlertDialog val$dialog -> b
    void onClick(android.view.View) -> onClick
com.aichess.jumpjump.SuperJumperAndroid$8 -> com.aichess.jumpjump.g:
    com.aichess.jumpjump.SuperJumperAndroid this$0 -> a
com.aichess.jumpjump.SuperJumperAndroid$9 -> com.aichess.jumpjump.e:
    com.aichess.jumpjump.SuperJumperAndroid this$0 -> a
    void onClick(android.content.DialogInterface,int) -> onClick
...
com.google.gson.JavaFieldNamingPolicy -> com.a.a.at:
    java.lang.String translateName$252cc7e1(java.lang.String) -> a
com.google.gson.JsonArray -> com.a.a.a:
    java.util.List elements -> a
    void add(com.google.gson.JsonElement) -> a
    int size() -> a
    java.util.Iterator iterator() -> iterator
    com.google.gson.JsonElement get(int) -> a
    java.lang.Number getAsNumber() -> b
    java.lang.String getAsString() -> c
    double getAsDouble() -> d
    java.math.BigDecimal getAsBigDecimal() -> e
    java.math.BigInteger getAsBigInteger() -> f
    float getAsFloat() -> g
    long getAsLong() -> h
    int getAsInt() -> i
    byte getAsByte() -> j
    char getAsCharacter() -> k
    short getAsShort() -> l
    boolean getAsBoolean() -> m
    java.lang.Object getAsObject() -> n
    boolean equals(java.lang.Object) -> equals
    int hashCode() -> hashCode
    void toString(java.lang.Appendable,com.google.gson.Escaper) -> a
com.google.gson.JsonArrayDeserializationVisitor -> com.a.a.g:
    java.lang.Object constructTarget() -> b
    void visitArray(java.lang.Object,java.lang.reflect.Type) -> a
    void startVisitingObject(java.lang.Object) -> a
    void visitArrayField(com.google.gson.FieldAttributes,java.lang.reflect.Type,java.lang.Object) -> a
    void visitObjectField(com.google.gson.FieldAttributes,java.lang.reflect.Type,java.lang.Object) -> b
    boolean visitFieldUsingCustomHandler(com.google.gson.FieldAttributes,java.lang.reflect.Type,java.lang.Object) -> c
    void visitPrimitive(java.lang.Object) -> b
com.google.gson.JsonDeserializationContext -> com.a.a.bu:
    java.lang.Object deserialize(com.google.gson.JsonElement,java.lang.reflect.Type) -> a
com.google.gson.JsonDeserializationContextDefault -> com.a.a.an:
    com.google.gson.ObjectNavigator objectNavigator -> a
    com.google.gson.FieldNamingStrategy2 fieldNamingPolicy -> b
    com.google.gson.ParameterizedTypeHandlerMap deserializers -> c
    com.google.gson.MappedObjectConstructor objectConstructor -> d
    com.google.gson.ObjectConstructor getObjectConstructor() -> a
    java.lang.Object deserialize(com.google.gson.JsonElement,java.lang.reflect.Type) -> a
com.google.gson.JsonDeserializationVisitor -> com.a.a.d:
    com.google.gson.ObjectNavigator objectNavigator -> g
    com.google.gson.FieldNamingStrategy2 fieldNamingPolicy -> a
    com.google.gson.ObjectConstructor objectConstructor -> b
    com.google.gson.ParameterizedTypeHandlerMap deserializers -> c
    java.lang.Object target -> d
    com.google.gson.JsonElement json -> e
    java.lang.reflect.Type targetType -> f
    com.google.gson.JsonDeserializationContext context -> h
    boolean constructed -> i
    java.lang.Object getTarget() -> a
    java.lang.Object constructTarget() -> b
    void start(com.google.gson.ObjectTypePair) -> a
    void end(com.google.gson.ObjectTypePair) -> b
    boolean visitUsingCustomHandler(com.google.gson.ObjectTypePair) -> c
    java.lang.Object invokeCustomDeserializer(com.google.gson.JsonElement,com.google.gson.Pair) -> a
    java.lang.Object visitChildAsObject(java.lang.reflect.Type,com.google.gson.JsonElement) -> a
    java.lang.Object visitChildAsArray(java.lang.reflect.Type,com.google.gson.JsonArray) -> a
    java.lang.Object visitChild(java.lang.reflect.Type,com.google.gson.JsonDeserializationVisitor) -> a
com.google.gson.JsonDeserializer -> com.a.a.x:
    java.lang.Object deserialize(com.google.gson.JsonElement,java.lang.reflect.Type,com.google.gson.JsonDeserializationContext) -> a
com.google.gson.JsonDeserializerExceptionWrapper -> com.a.a.l:
    com.google.gson.JsonDeserializer delegate -> a
    java.lang.Object deserialize(com.google.gson.JsonElement,java.lang.reflect.Type,com.google.gson.JsonDeserializationContext) -> a
    java.lang.String toString() -> toString