trunk/demos/superjumper/superjumper-android/proguard/usage.txt
com.aichess.jumpjump.R
com.aichess.jumpjump.R$anim
com.aichess.jumpjump.R$array
com.aichess.jumpjump.R$attr
com.aichess.jumpjump.R$drawable
com.aichess.jumpjump.R$id
com.aichess.jumpjump.R$layout
com.aichess.jumpjump.R$string
com.aichess.jumpjump.SuperJumperAndroid:
    public static final java.lang.String MYAPID
    public static final java.lang.String MYGOALID
...
com.badlogic.gdx.graphics.g2d.tiled.TileSet
com.badlogic.gdx.graphics.g2d.tiled.TiledLayer
com.badlogic.gdx.graphics.g2d.tiled.TiledLoader
com.badlogic.gdx.graphics.g2d.tiled.TiledLoader$1
com.badlogic.gdx.graphics.g2d.tiled.TiledMap
com.badlogic.gdx.graphics.g2d.tiled.TiledMap$TileProperty
com.badlogic.gdx.graphics.g2d.tiled.TiledObject
com.badlogic.gdx.graphics.g2d.tiled.TiledObjectGroup
com.badlogic.gdx.graphics.g3d.Animation
com.badlogic.gdx.graphics.g3d.Animator
com.badlogic.gdx.graphics.g3d.Animator$WrapMode
com.badlogic.gdx.graphics.g3d.Material
com.badlogic.gdx.graphics.g3d.keyframed.Keyframe
com.badlogic.gdx.graphics.g3d.keyframed.KeyframeAnimation
com.badlogic.gdx.graphics.g3d.keyframed.KeyframeAnimator
com.badlogic.gdx.graphics.g3d.keyframed.KeyframedModel
com.badlogic.gdx.graphics.g3d.loaders.ModelLoader
com.badlogic.gdx.graphics.g3d.loaders.md5.MD5Animation
com.badlogic.gdx.graphics.g3d.loaders.md5.MD5AnimationInfo
com.badlogic.gdx.graphics.g3d.loaders.md5.MD5Animator
com.badlogic.gdx.graphics.g3d.loaders.md5.MD5Jni
com.badlogic.gdx.graphics.g3d.loaders.md5.MD5Joints
com.badlogic.gdx.graphics.g3d.loaders.md5.MD5Loader
com.badlogic.gdx.graphics.g3d.loaders.md5.MD5Loader$BaseFrameJoint
com.badlogic.gdx.graphics.g3d.loaders.md5.MD5Loader$JointInfo
com.badlogic.gdx.graphics.g3d.loaders.md5.MD5Mesh
com.badlogic.gdx.graphics.g3d.loaders.md5.MD5Model
com.badlogic.gdx.graphics.g3d.loaders.md5.MD5Quaternion
com.badlogic.gdx.graphics.g3d.loaders.md5.MD5Renderer
com.badlogic.gdx.graphics.g3d.loaders.obj.ObjLoader
com.badlogic.gdx.graphics.glutils.FrameBuffer:
    87:94:public FrameBuffer(com.badlogic.gdx.graphics.Pixmap$Format,int,int,boolean)
    149:165:public void dispose()
    171:173:public void begin()
    179:181:public void end()
    184:188:private void addManagedFrameBuffer(com.badlogic.gdx.Application,com.badlogic.gdx.graphics.glutils.FrameBuffer)
    224:224:public com.badlogic.gdx.graphics.Texture getColorBufferTexture()
    231:231:public int getHeight()
    238:238:public int getWidth()
com.badlogic.gdx.graphics.glutils.ImmediateModeRenderer
com.badlogic.gdx.graphics.glutils.IndexBufferObject:
    127:127:public int getNumMaxIndices()
    227:244:public void dispose()
com.badlogic.gdx.graphics.glutils.IndexBufferObjectSubData:
    92:102:public IndexBufferObjectSubData(int)
    133:133:public int getNumMaxIndices()
    242:259:public void dispose()
com.badlogic.gdx.graphics.glutils.IndexData:
    public abstract int getNumMaxIndices()
    public abstract void dispose()
com.badlogic.gdx.graphics.glutils.ShaderProgram:
    271:275:public void setUniformi(java.lang.String,int,int)
    287:291:public void setUniformi(java.lang.String,int,int,int)
    304:308:public void setUniformi(java.lang.String,int,int,int,int)
    318:322:public void setUniformf(java.lang.String,float)
    333:337:public void setUniformf(java.lang.String,float,float)
    349:353:public void setUniformf(java.lang.String,float,float,float)
    366:370:public void setUniformf(java.lang.String,float,float,float,float)
    373:380:public void setUniform1fv(java.lang.String,float[],int,int)
    383:390:public void setUniform2fv(java.lang.String,float[],int,int)
    393:400:public void setUniform3fv(java.lang.String,float[],int,int)
    403:410:public void setUniform4fv(java.lang.String,float[],int,int)
    448:449:public void setUniformMatrix(java.lang.String,com.badlogic.gdx.math.Matrix3)
    460:466:public void setUniformMatrix(java.lang.String,com.badlogic.gdx.math.Matrix3,boolean)
    481:485:public void setVertexAttribute(java.lang.String,int,int,boolean,int,java.nio.FloatBuffer)
    530:536:public void dispose()
    620:623:public void setAttributef(java.lang.String,float,float,float,float)
    626:631:private void ensureBufferCapacity(int)